<?xml version="1.0" encoding="UTF-8"?>
<testng-results ignored="0" total="1" passed="1" failed="0" skipped="0">
  <reporter-output>
  </reporter-output>
  <suite started-at="2021-07-08T19:12:27 IST" name="Surefire suite" finished-at="2021-07-08T19:12:44 IST" duration-ms="17301">
    <groups>
    </groups>
    <test started-at="2021-07-08T19:12:27 IST" name="Surefire test" finished-at="2021-07-08T19:12:44 IST" duration-ms="17301">
      <class name="Test1">
        <test-method is-config="true" signature="driversetup()[pri:0, instance:Test1@459e9125]" started-at="2021-07-08T19:12:27 IST" name="driversetup" finished-at="2021-07-08T19:12:31 IST" duration-ms="4395" status="PASS">
          <reporter-output>
          </reporter-output>
        </test-method> <!-- driversetup -->
        <test-method signature="test1()[pri:0, instance:Test1@459e9125]" started-at="2021-07-08T19:12:31 IST" name="test1" finished-at="2021-07-08T19:12:44 IST" duration-ms="12807" status="PASS">
          <reporter-output>
          </reporter-output>
        </test-method> <!-- test1 -->
        <test-method is-config="true" signature="closetest()[pri:0, instance:Test1@459e9125]" started-at="2021-07-08T19:12:44 IST" name="closetest" finished-at="2021-07-08T19:12:44 IST" duration-ms="85" status="PASS">
          <reporter-output>
          </reporter-output>
        </test-method> <!-- closetest -->
      </class> <!-- Test1 -->
    </test> <!-- Surefire test -->
  </suite> <!-- Surefire suite -->
</testng-results>
