<?xml version="1.0" encoding="UTF-8"?>
<testng-results ignored="0" total="1" passed="1" failed="0" skipped="0">
  <reporter-output>
  </reporter-output>
  <suite started-at="2021-07-09T09:37:21 IST" name="Surefire suite" finished-at="2021-07-09T09:37:36 IST" duration-ms="15192">
    <groups>
    </groups>
    <test started-at="2021-07-09T09:37:21 IST" name="Surefire test" finished-at="2021-07-09T09:37:36 IST" duration-ms="15192">
      <class name="Test2">
        <test-method is-config="true" signature="driversetup()[pri:0, instance:Test2@2b662a77]" started-at="2021-07-09T09:37:21 IST" name="driversetup" finished-at="2021-07-09T09:37:24 IST" duration-ms="3847" status="PASS">
          <reporter-output>
          </reporter-output>
        </test-method> <!-- driversetup -->
        <test-method signature="test2()[pri:0, instance:Test2@2b662a77]" started-at="2021-07-09T09:37:24 IST" name="test2" finished-at="2021-07-09T09:37:36 IST" duration-ms="11228" status="PASS">
          <reporter-output>
          </reporter-output>
        </test-method> <!-- test2 -->
        <test-method is-config="true" signature="closetest()[pri:0, instance:Test2@2b662a77]" started-at="2021-07-09T09:37:36 IST" name="closetest" finished-at="2021-07-09T09:37:36 IST" duration-ms="105" status="PASS">
          <reporter-output>
          </reporter-output>
        </test-method> <!-- closetest -->
      </class> <!-- Test2 -->
    </test> <!-- Surefire test -->
  </suite> <!-- Surefire suite -->
</testng-results>
