<?xml version="1.0" encoding="UTF-8"?>
<testng-results ignored="0" total="1" passed="1" failed="0" skipped="0">
  <reporter-output>
  </reporter-output>
  <suite started-at="2021-07-12T13:21:32 IST" name="Surefire suite" finished-at="2021-07-12T13:22:06 IST" duration-ms="34483">
    <groups>
    </groups>
    <test started-at="2021-07-12T13:21:32 IST" name="Surefire test" finished-at="2021-07-12T13:22:06 IST" duration-ms="34483">
      <class name="TestScripts.IT.TEST1IT">
        <test-method is-config="true" signature="setUpDriver()[pri:0, instance:TestScripts.IT.TEST1IT@7b2bbc3]" started-at="2021-07-12T13:21:32 IST" name="setUpDriver" finished-at="2021-07-12T13:21:44 IST" duration-ms="12459" status="PASS">
          <reporter-output>
          </reporter-output>
        </test-method> <!-- setUpDriver -->
        <test-method signature="CreateAccountAddToCart()[pri:0, instance:TestScripts.IT.TEST1IT@7b2bbc3]" started-at="2021-07-12T13:21:45 IST" name="CreateAccountAddToCart" finished-at="2021-07-12T13:22:06 IST" duration-ms="21893" status="PASS">
          <reporter-output>
          </reporter-output>
        </test-method> <!-- CreateAccountAddToCart -->
        <test-method is-config="true" signature="quitDriver()[pri:0, instance:TestScripts.IT.TEST1IT@7b2bbc3]" started-at="2021-07-12T13:22:06 IST" name="quitDriver" finished-at="2021-07-12T13:22:06 IST" duration-ms="85" status="PASS">
          <reporter-output>
          </reporter-output>
        </test-method> <!-- quitDriver -->
      </class> <!-- TestScripts.IT.TEST1IT -->
    </test> <!-- Surefire test -->
  </suite> <!-- Surefire suite -->
</testng-results>
