<?xml version="1.0" encoding="UTF-8"?>
<!-- Generated by org.testng.reporters.JUnitXMLReporter -->
<testsuite ignored="0" hostname="PRAJWALs-MacBook-Pro.local" failures="0" tests="1" name="/Users/prajwal/Desktop/testvagrant /assignment projects/Buildtoolpractice/src/test/java/Test1.java" time="25.218" errors="0" timestamp="2021-07-09T10:42:30 IST">
  <testcase classname="Test1" name="test1" time="19.629"/>
</testsuite> <!-- /Users/prajwal/Desktop/testvagrant /assignment projects/Buildtoolpractice/src/test/java/Test1.java -->
